<?xml version="1.0" encoding="UTF-8" ?>
<testsuite tests="16" failures="0" name="NextNdaysTest" time="0.25" errors="0" skipped="0">
  <properties>
[...]
</properties>
  <testcase classname="NextNdaysTest" name="test1[0]" time="0.239"/>
  <testcase classname="NextNdaysTest" name="test1[1]" time="0"/>
  <testcase classname="NextNdaysTest" name="test1[2]" time="0.001"/>
  <testcase classname="NextNdaysTest" name="test1[3]" time="0.001"/>
  <testcase classname="NextNdaysTest" name="test1[4]" time="0.001"/>
  <testcase classname="NextNdaysTest" name="test1[5]" time="0.003"/>
  <testcase classname="NextNdaysTest" name="test1[6]" time="0"/>
  <testcase classname="NextNdaysTest" name="test1[7]" time="0.001"/>
  <testcase classname="NextNdaysTest" name="test1[8]" time="0.001"/>
  <testcase classname="NextNdaysTest" name="test1[9]" time="0.001"/>
  <testcase classname="NextNdaysTest" name="test1[10]" time="0.001"/>
  <testcase classname="NextNdaysTest" name="test1[11]" time="0.001"/>
  <testcase classname="NextNdaysTest" name="test1[12]" time="0"/>
  <testcase classname="NextNdaysTest" name="test1[13]" time="0"/>
  <testcase classname="NextNdaysTest" name="test1[14]" time="0"/>
  <testcase classname="NextNdaysTest" name="test1[15]" time="0"/>
</testsuite>