<?xml version="1.0" encoding="UTF-8" ?>
<testsuite tests="26" failures="0" name="com.zju.next.nextNdaysTest" time="0.281" errors="0" skipped="0">
  <properties>
[...]
</properties>
  <testcase classname="com.zju.next.nextNdaysTest" name="testAdd[0]" time="0.215"/>
  <testcase classname="com.zju.next.nextNdaysTest" name="testAdd[1]" time="0"/>
  <testcase classname="com.zju.next.nextNdaysTest" name="testAdd[2]" time="0"/>
  <testcase classname="com.zju.next.nextNdaysTest" name="testAdd[3]" time="0"/>
  <testcase classname="com.zju.next.nextNdaysTest" name="testAdd[4]" time="0"/>
  <testcase classname="com.zju.next.nextNdaysTest" name="testAdd[5]" time="0"/>
  <testcase classname="com.zju.next.nextNdaysTest" name="testAdd[6]" time="0"/>
  <testcase classname="com.zju.next.nextNdaysTest" name="testAdd[7]" time="0"/>
  <testcase classname="com.zju.next.nextNdaysTest" name="testAdd[8]" time="0.001"/>
  <testcase classname="com.zju.next.nextNdaysTest" name="testAdd[9]" time="0"/>
  <testcase classname="com.zju.next.nextNdaysTest" name="testAdd[10]" time="0"/>
  <testcase classname="com.zju.next.nextNdaysTest" name="testAdd[11]" time="0.001"/>
  <testcase classname="com.zju.next.nextNdaysTest" name="testAdd[12]" time="0"/>
  <testcase classname="com.zju.next.nextNdaysTest" name="testAdd[13]" time="0"/>
  <testcase classname="com.zju.next.nextNdaysTest" name="testAdd[14]" time="0"/>
  <testcase classname="com.zju.next.nextNdaysTest" name="testAdd[15]" time="0.001"/>
  <testcase classname="com.zju.next.nextNdaysTest" name="testAdd[16]" time="0"/>
  <testcase classname="com.zju.next.nextNdaysTest" name="testAdd[17]" time="0"/>
  <testcase classname="com.zju.next.nextNdaysTest" name="testAdd[18]" time="0.058"/>
  <testcase classname="com.zju.next.nextNdaysTest" name="testAdd[19]" time="0.001"/>
  <testcase classname="com.zju.next.nextNdaysTest" name="testAdd[20]" time="0.002"/>
  <testcase classname="com.zju.next.nextNdaysTest" name="testAdd[21]" time="0.002"/>
  <testcase classname="com.zju.next.nextNdaysTest" name="testAdd[22]" time="0"/>
  <testcase classname="com.zju.next.nextNdaysTest" name="testAdd[23]" time="0"/>
  <testcase classname="com.zju.next.nextNdaysTest" name="testAdd[24]" time="0"/>
  <testcase classname="com.zju.next.nextNdaysTest" name="testAdd[25]" time="0"/>
</testsuite>